{
  "stats": {
    "suites": 1,
    "tests": 1,
    "passes": 1,
    "pending": 0,
    "failures": 0,
    "start": "2025-10-27T02:31:02.410Z",
    "end": "2025-10-27T02:31:08.605Z",
    "duration": 6195,
    "testsRegistered": 1,
    "passPercent": 100,
    "pendingPercent": 0,
    "other": 0,
    "hasOther": false,
    "skipped": 0,
    "hasSkipped": false
  },
  "results": [
    {
      "uuid": "5b5cd377-5a4a-495c-9a4b-994fdf62858a",
      "title": "",
      "fullFile": "cypress\\e2e\\payment.decline-retry.cy.js",
      "file": "cypress\\e2e\\payment.decline-retry.cy.js",
      "beforeHooks": [],
      "afterHooks": [],
      "tests": [],
      "suites": [
        {
          "uuid": "42f5da26-de6d-4a5c-8b21-31b545eb5530",
          "title": "Pago: rechazado → reintento aprobado (flujo por UI)",
          "fullFile": "",
          "file": "",
          "beforeHooks": [],
          "afterHooks": [],
          "tests": [
            {
              "title": "login → catálogo → carrito → checkout: decline y reintento ok",
              "fullTitle": "Pago: rechazado → reintento aprobado (flujo por UI) login → catálogo → carrito → checkout: decline y reintento ok",
              "timedOut": null,
              "duration": 5997,
              "state": "passed",
              "speed": "medium",
              "pass": true,
              "fail": false,
              "pending": false,
              "context": null,
              "code": "// === LOGIN === (usa usuario real del proyecto)\ncy.readFile('src/data/usuarios.json').then(({\n  0: {\n    email,\n    password\n  }\n}) => {\n  cy.visit('/login');\n  cy.get('.bg-blue-600').click();\n  cy.get('[data-testid=\"input-email\"]').type(email); // Login.jsx\n  cy.get('[data-testid=\"input-password\"]').type(password); // Login.jsx\n  cy.get('[data-testid=\"btn-login\"]').click(); // Login.jsx\n  cy.url().should('include', '/catalogo'); // redirige al catálogo\n  // === STUB de pagos: 1° declined, 2° approved (usa hook de Checkout.jsx) ===\n  cy.window().then(win => {\n    win.__TEST_PAY__ = {\n      charge: cy.stub().onFirstCall().resolves({\n        status: 'declined',\n        reason: 'card_declined'\n      }).onSecondCall().resolves({\n        status: 'approved',\n        id: 'pay_123'\n      })\n    };\n  });\n  // === CATÁLOGO: guardar nombre del primer ticket y agregarlo ===\n  cy.contains('h1', 'Catálogo').should('be.visible'); // Catalogo.jsx\n  cy.get('[data-testid^=\"card-\"]').first().within(() => {\n    cy.get('h3').invoke('text').then(t => cy.wrap(t.trim()).as('ticketName'));\n    cy.get('button[data-testid^=\"btn-add-\"]').click(); // solo el botón\n  });\n  cy.get('[data-testid=\"toast-added\"]').should('be.visible'); // toast de agregado\n  // === IR A CARRITO (link del menú/layout) y validar producto ===\n  cy.get('a[href=\"/carrito\"]').click(); // Carrito.jsx\n  cy.get('[data-testid=\"carrito-page\"]').should('be.visible');\n  cy.get('@ticketName').then(name => {\n    cy.get('[data-testid=\"carrito-lista\"]').should('contain', name);\n  });\n  // === IR A CHECKOUT (link \"Ir a checkout\") ===\n  cy.contains('a', 'Ir a checkout').click(); // Carrito.jsx\n  cy.get('[data-testid=\"checkout-form\"]').should('be.visible'); // Checkout.jsx\n  cy.get('@ticketName').then(name => {\n    cy.contains('aside', 'Resumen').should('contain', name); // nombre en el resumen\n  });\n  // === CHECKOUT: completar datos ===\n  cy.get('[data-testid=\"inp-nombre\"]').type('Luciano QA');\n  cy.get('[data-testid=\"inp-email\"]').type('luciano.qa@example.com');\n  cy.get('[data-testid=\"inp-dni\"]').type('30123456');\n  // NÚMERO (AHORA): válido por Luhn\n  cy.get('[data-testid=\"inp-card\"]').type('4242 4242 4242 4242');\n  // asegurate que el botón esté habilitado\n  //cy.get('[data-testid=\"btn-pay\"]').should('not.be.disabled').click()\n  cy.get('[data-testid=\"inp-exp\"]').type('12/30');\n  cy.get('[data-testid=\"inp-cvc\"]').type('123');\n  // PRIMER INTENTO → debe RECHAZAR y quedarse en checkout\n  cy.get('[data-testid=\"btn-pay\"]').click();\n  cy.location('pathname').should('include', '/checkout');\n  cy.get('[role=\"alert\"]').should('be.visible').and('contain', 'Pago rechazado'); // Checkout.jsx\n  // REINTENTO → APRUEBA\n  cy.get('[data-testid=\"inp-card\"]').clear().type('4242 4242 4242 4242');\n  cy.get('[data-testid=\"btn-pay\"]').click();\n  // === CONFIRMACIÓN: textos e ítems ===\n  cy.location('pathname').should('include', '/confirmacion'); // Confirmacion.jsx\n  cy.get('[data-testid=\"confirmacion-page\"]').should('be.visible');\n  cy.contains('¡Compra confirmada!').should('be.visible');\n  cy.contains('Tu orden fue registrada correctamente. Abajo están los detalles.').should('be.visible');\n  cy.get('@ticketName').then(name => {\n    cy.get('[data-testid=\"orden-items\"]').should('contain', name);\n  });\n});",
              "err": {},
              "uuid": "ee96aa2e-a2e0-4631-b20e-3a6f993f3f4b",
              "parentUUID": "42f5da26-de6d-4a5c-8b21-31b545eb5530",
              "isHook": false,
              "skipped": false
            }
          ],
          "suites": [],
          "passes": [
            "ee96aa2e-a2e0-4631-b20e-3a6f993f3f4b"
          ],
          "failures": [],
          "pending": [],
          "skipped": [],
          "duration": 5997,
          "root": false,
          "rootEmpty": false,
          "_timeout": 2000
        }
      ],
      "passes": [],
      "failures": [],
      "pending": [],
      "skipped": [],
      "duration": 0,
      "root": true,
      "rootEmpty": true,
      "_timeout": 2000
    }
  ],
  "meta": {
    "mocha": {
      "version": "7.2.0"
    },
    "mochawesome": {
      "options": {
        "quiet": false,
        "reportFilename": "report-[datetime]",
        "saveHtml": false,
        "saveJson": true,
        "consoleReporter": "spec",
        "useInlineDiffs": false,
        "code": true
      },
      "version": "7.1.3"
    },
    "marge": {
      "options": {
        "id": "default",
        "reportDir": "reports/mochawesome",
        "overwrite": false,
        "html": false,
        "json": true,
        "reportFilename": "report-[datetime]",
        "charts": true
      },
      "version": "6.2.0"
    }
  }
}