{
  "stats": {
    "suites": 1,
    "tests": 1,
    "passes": 1,
    "pending": 0,
    "failures": 0,
    "start": "2025-10-27T02:31:14.270Z",
    "end": "2025-10-27T02:31:17.861Z",
    "duration": 3591,
    "testsRegistered": 1,
    "passPercent": 100,
    "pendingPercent": 0,
    "other": 0,
    "hasOther": false,
    "skipped": 0,
    "hasSkipped": false
  },
  "results": [
    {
      "uuid": "f61b895a-417c-4d20-bfd8-736a76c15b65",
      "title": "",
      "fullFile": "cypress\\e2e\\session.expire.cy.js",
      "file": "cypress\\e2e\\session.expire.cy.js",
      "beforeHooks": [],
      "afterHooks": [],
      "tests": [],
      "suites": [
        {
          "uuid": "1d8fe22a-08b4-4400-ab4e-8324638152e8",
          "title": "Sesión expira y recuperación desde catálogo",
          "fullFile": "",
          "file": "",
          "beforeHooks": [],
          "afterHooks": [],
          "tests": [
            {
              "title": "redirige a login al expirar y permite continuar desde el catálogo",
              "fullTitle": "Sesión expira y recuperación desde catálogo redirige a login al expirar y permite continuar desde el catálogo",
              "timedOut": null,
              "duration": 3388,
              "state": "passed",
              "speed": "fast",
              "pass": true,
              "fail": false,
              "pending": false,
              "context": null,
              "code": "cy.readFile('src/data/usuarios.json').then(users => {\n  const {\n    email,\n    password\n  } = users[0];\n  let savedSession;\n  // === LOGIN INICIAL ===\n  cy.visit('/login');\n  cy.get('.bg-blue-600').click();\n  cy.get('[data-testid=\"input-email\"]').type(email);\n  cy.get('[data-testid=\"input-password\"]').type(password);\n  cy.get('[data-testid=\"btn-login\"]').click();\n  // Confirmar acceso al catálogo\n  cy.url().should('include', '/catalogo');\n  cy.contains('h1', 'Catálogo').should('be.visible');\n  // === AGREGAR PRODUCTO ===\n  cy.get('[data-testid^=\"card-\"]').should('have.length.at.least', 1).first().within(() => {\n    cy.contains('Agregar al carrito').click();\n  });\n  cy.get('[data-testid=\"toast-added\"]').should('be.visible');\n  // Guardar sesión actual\n  cy.window().then(win => {\n    savedSession = win.localStorage.getItem('sessionUser');\n  });\n  // === IR A CHECKOUT ===\n  cy.contains('a', 'Checkout').click();\n  cy.url().should('include', '/checkout');\n  cy.get('[data-testid^=\"checkout\"]').should('exist');\n  // === FORZAR EXPIRACIÓN DE SESIÓN ===\n  cy.window().then(win => {\n    const u = JSON.parse(win.localStorage.getItem('sessionUser') || '{}');\n    u.loginAt = 0;\n    win.localStorage.setItem('sessionUser', JSON.stringify(u));\n  });\n  // === REINTENTAR ACCESO AL CHECKOUT ===\n  cy.visit('/checkout', {\n    onBeforeLoad(win) {\n      if (savedSession) {\n        win.localStorage.setItem('sessionUser', savedSession);\n      }\n    }\n  });\n  // Validar redirección automática a login\n  cy.get('.bg-blue-600').click();\n  cy.url().should('include', '/login');\n  cy.get('[data-testid=\"login-form\"]').should('be.visible');\n  // === REINICIAR SESIÓN ===\n  cy.get('[data-testid=\"input-email\"]').type(email);\n  cy.get('[data-testid=\"input-password\"]').type(password);\n  cy.get('[data-testid=\"btn-login\"]').click();\n  // === VALIDAR REDIRECCIÓN AL CATÁLOGO ===\n  cy.url().should('include', '/catalogo');\n  cy.contains('h1', 'Catálogo').should('be.visible');\n  // === CONTINUAR MANUALMENTE AL CHECKOUT ===\n  cy.contains('a', 'Checkout').click();\n  cy.url().should('include', '/checkout');\n  cy.get('[data-testid^=\"checkout\"]').should('be.visible');\n  // === VALIDAR QUE EL CARRITO SE CONSERVA ===\n  cy.get('aside').should('contain', 'Entrada General');\n  cy.get('aside').invoke('text').should('match', /5\\.000/);\n});",
              "err": {},
              "uuid": "7500d2de-8a99-410c-b278-e7787b2cc007",
              "parentUUID": "1d8fe22a-08b4-4400-ab4e-8324638152e8",
              "isHook": false,
              "skipped": false
            }
          ],
          "suites": [],
          "passes": [
            "7500d2de-8a99-410c-b278-e7787b2cc007"
          ],
          "failures": [],
          "pending": [],
          "skipped": [],
          "duration": 3388,
          "root": false,
          "rootEmpty": false,
          "_timeout": 2000
        }
      ],
      "passes": [],
      "failures": [],
      "pending": [],
      "skipped": [],
      "duration": 0,
      "root": true,
      "rootEmpty": true,
      "_timeout": 2000
    }
  ],
  "meta": {
    "mocha": {
      "version": "7.2.0"
    },
    "mochawesome": {
      "options": {
        "quiet": false,
        "reportFilename": "report-[datetime]",
        "saveHtml": false,
        "saveJson": true,
        "consoleReporter": "spec",
        "useInlineDiffs": false,
        "code": true
      },
      "version": "7.1.3"
    },
    "marge": {
      "options": {
        "id": "default",
        "reportDir": "reports/mochawesome",
        "overwrite": false,
        "html": false,
        "json": true,
        "reportFilename": "report-[datetime]",
        "charts": true
      },
      "version": "6.2.0"
    }
  }
}