{
  "stats": {
    "suites": 1,
    "tests": 2,
    "passes": 2,
    "pending": 0,
    "failures": 0,
    "start": "2025-10-27T02:30:30.436Z",
    "end": "2025-10-27T02:30:34.032Z",
    "duration": 3596,
    "testsRegistered": 2,
    "passPercent": 100,
    "pendingPercent": 0,
    "other": 0,
    "hasOther": false,
    "skipped": 0,
    "hasSkipped": false
  },
  "results": [
    {
      "uuid": "09f88e9e-ed82-4161-87a8-77893ffd374e",
      "title": "",
      "fullFile": "cypress\\e2e\\auth.cy.js",
      "file": "cypress\\e2e\\auth.cy.js",
      "beforeHooks": [],
      "afterHooks": [],
      "tests": [],
      "suites": [
        {
          "uuid": "9b2fa0f4-5863-4e18-9688-8cb71ad27770",
          "title": "Auth: login OK e inválido",
          "fullFile": "",
          "file": "",
          "beforeHooks": [],
          "afterHooks": [],
          "tests": [
            {
              "title": "login correcto redirige a /catalogo",
              "fullTitle": "Auth: login OK e inválido login correcto redirige a /catalogo",
              "timedOut": null,
              "duration": 2433,
              "state": "passed",
              "speed": "fast",
              "pass": true,
              "fail": false,
              "pending": false,
              "context": null,
              "code": "cy.readFile('src/data/usuarios.json').then(({\n  0: u\n}) => {\n  cy.visit('/login');\n  cy.get('.bg-blue-600').click();\n  cy.get('[data-testid=\"input-email\"]').type(u.email);\n  cy.get('[data-testid=\"input-password\"]').type(u.password);\n  cy.get('[data-testid=\"btn-login\"]').click();\n  cy.url().should('include', '/catalogo');\n});",
              "err": {},
              "uuid": "f2b33f2a-19e8-4bb0-b179-da30fa43ee19",
              "parentUUID": "9b2fa0f4-5863-4e18-9688-8cb71ad27770",
              "isHook": false,
              "skipped": false
            },
            {
              "title": "login inválido muestra error y no redirige",
              "fullTitle": "Auth: login OK e inválido login inválido muestra error y no redirige",
              "timedOut": null,
              "duration": 1045,
              "state": "passed",
              "speed": "fast",
              "pass": true,
              "fail": false,
              "pending": false,
              "context": null,
              "code": "cy.visit('/login');\ncy.get('.bg-blue-600').click();\ncy.get('[data-testid=\"input-email\"]').type('no@existe.com');\ncy.get('[data-testid=\"input-password\"]').type('xxx');\ncy.get('[data-testid=\"btn-login\"]').click();\ncy.get('[data-testid=\"login-error\"]').should('contain', 'Credenciales inválidas');\ncy.url().should('include', '/login');",
              "err": {},
              "uuid": "d8058948-2016-4f3e-8c3e-31b5ba88ca8e",
              "parentUUID": "9b2fa0f4-5863-4e18-9688-8cb71ad27770",
              "isHook": false,
              "skipped": false
            }
          ],
          "suites": [],
          "passes": [
            "f2b33f2a-19e8-4bb0-b179-da30fa43ee19",
            "d8058948-2016-4f3e-8c3e-31b5ba88ca8e"
          ],
          "failures": [],
          "pending": [],
          "skipped": [],
          "duration": 3478,
          "root": false,
          "rootEmpty": false,
          "_timeout": 2000
        }
      ],
      "passes": [],
      "failures": [],
      "pending": [],
      "skipped": [],
      "duration": 0,
      "root": true,
      "rootEmpty": true,
      "_timeout": 2000
    }
  ],
  "meta": {
    "mocha": {
      "version": "7.2.0"
    },
    "mochawesome": {
      "options": {
        "quiet": false,
        "reportFilename": "report-[datetime]",
        "saveHtml": false,
        "saveJson": true,
        "consoleReporter": "spec",
        "useInlineDiffs": false,
        "code": true
      },
      "version": "7.1.3"
    },
    "marge": {
      "options": {
        "id": "default",
        "reportDir": "reports/mochawesome",
        "overwrite": false,
        "html": false,
        "json": true,
        "reportFilename": "report-[datetime]",
        "charts": true
      },
      "version": "6.2.0"
    }
  }
}